0 info it worked if it ends with ok
1 verbose cli [ '/usr/local/Cellar/node/7.2.1/bin/node',
1 verbose cli   '/usr/local/lib/node_modules/npm/bin/npm-cli.js',
1 verbose cli   'run-script',
1 verbose cli   'serve',
1 verbose cli   '--',
1 verbose cli   '--verbose' ]
2 info using npm@3.10.9
3 info using node@v7.2.1
4 verbose run-script [ 'preserve', 'serve', 'postserve' ]
5 info lifecycle webpack-test@1.0.0~preserve: webpack-test@1.0.0
6 silly lifecycle webpack-test@1.0.0~preserve: no script for preserve, continuing
7 info lifecycle webpack-test@1.0.0~serve: webpack-test@1.0.0
8 verbose lifecycle webpack-test@1.0.0~serve: unsafe-perm in lifecycle true
9 verbose lifecycle webpack-test@1.0.0~serve: PATH: /usr/local/lib/node_modules/npm/bin/node-gyp-bin:/Users/Jenson/Documents/workspace_html/webpack-test/node_modules/.bin:/usr/local/Cellar/node/7.2.1/bin:/Library/Frameworks/Python.framework/Versions/3.5/bin:/Library/Frameworks/Python.framework/Versions/3.4/bin:/usr/local/heroku/bin:/usr/local/bin:/usr/local/bin:/usr/bin:/bin:/usr/sbin:/sbin:/opt/X11/bin:/usr/local/git/bin:/Library/Frameworks/Mono.framework/Versions/Current/Commands
10 verbose lifecycle webpack-test@1.0.0~serve: CWD: /Users/Jenson/Documents/workspace_html/webpack-test
11 silly lifecycle webpack-test@1.0.0~serve: Args: [ '-c', 'webpack-dev-server --inline --open "--verbose"' ]
12 silly lifecycle webpack-test@1.0.0~serve: Returned: code: 1  signal: null
13 info lifecycle webpack-test@1.0.0~serve: Failed to exec serve script
14 verbose stack Error: webpack-test@1.0.0 serve: `webpack-dev-server --inline --open "--verbose"`
14 verbose stack Exit status 1
14 verbose stack     at EventEmitter.<anonymous> (/usr/local/lib/node_modules/npm/lib/utils/lifecycle.js:255:16)
14 verbose stack     at emitTwo (events.js:106:13)
14 verbose stack     at EventEmitter.emit (events.js:191:7)
14 verbose stack     at ChildProcess.<anonymous> (/usr/local/lib/node_modules/npm/lib/utils/spawn.js:40:14)
14 verbose stack     at emitTwo (events.js:106:13)
14 verbose stack     at ChildProcess.emit (events.js:191:7)
14 verbose stack     at maybeClose (internal/child_process.js:885:16)
14 verbose stack     at Process.ChildProcess._handle.onexit (internal/child_process.js:226:5)
15 verbose pkgid webpack-test@1.0.0
16 verbose cwd /Users/Jenson/Documents/workspace_html/webpack-test
17 error Darwin 15.6.0
18 error argv "/usr/local/Cellar/node/7.2.1/bin/node" "/usr/local/lib/node_modules/npm/bin/npm-cli.js" "run-script" "serve" "--" "--verbose"
19 error node v7.2.1
20 error npm  v3.10.9
21 error code ELIFECYCLE
22 error webpack-test@1.0.0 serve: `webpack-dev-server --inline --open "--verbose"`
22 error Exit status 1
23 error Failed at the webpack-test@1.0.0 serve script 'webpack-dev-server --inline --open "--verbose"'.
23 error Make sure you have the latest version of node.js and npm installed.
23 error If you do, this is most likely a problem with the webpack-test package,
23 error not with npm itself.
23 error Tell the author that this fails on your system:
23 error     webpack-dev-server --inline --open "--verbose"
23 error You can get information on how to open an issue for this project with:
23 error     npm bugs webpack-test
23 error Or if that isn't available, you can get their info via:
23 error     npm owner ls webpack-test
23 error There is likely additional logging output above.
24 verbose exit [ 1, true ]
